{"C:\\TrabalhoFinalPI-master\\TrabalhoFinalPI\\myapp\\tests\\jasmine\\server\\unit\\posts.js":{"path":"C:\\TrabalhoFinalPI-master\\TrabalhoFinalPI\\myapp\\tests\\jasmine\\server\\unit\\posts.js","s":{"1":1,"2":0,"3":0,"4":0,"5":0,"6":0,"7":0,"8":0,"9":0,"10":0,"11":0,"12":0,"13":0,"14":0,"15":0,"16":0,"17":0,"18":0,"19":0,"20":0,"21":0,"22":0,"23":0,"24":0,"25":0,"26":0,"27":0},"b":{},"f":{"1":0,"2":0,"3":0,"4":0,"5":0},"fnMap":{"1":{"name":"(anonymous_1)","line":1,"loc":{"start":{"line":1,"column":18},"end":{"line":1,"column":29}}},"2":{"name":"(anonymous_2)","line":10,"loc":{"start":{"line":10,"column":13},"end":{"line":10,"column":25}}},"3":{"name":"(anonymous_3)","line":16,"loc":{"start":{"line":16,"column":12},"end":{"line":16,"column":23}}},"4":{"name":"(anonymous_4)","line":20,"loc":{"start":{"line":20,"column":31},"end":{"line":20,"column":42}}},"5":{"name":"(anonymous_5)","line":33,"loc":{"start":{"line":33,"column":38},"end":{"line":33,"column":49}}}},"statementMap":{"1":{"start":{"line":1,"column":0},"end":{"line":59,"column":3}},"2":{"start":{"line":3,"column":2},"end":{"line":3,"column":19}},"3":{"start":{"line":4,"column":2},"end":{"line":4,"column":24}},"4":{"start":{"line":5,"column":2},"end":{"line":5,"column":25}},"5":{"start":{"line":6,"column":2},"end":{"line":6,"column":30}},"6":{"start":{"line":7,"column":2},"end":{"line":7,"column":35}},"7":{"start":{"line":8,"column":2},"end":{"line":8,"column":37}},"8":{"start":{"line":10,"column":2},"end":{"line":14,"column":5}},"9":{"start":{"line":11,"column":4},"end":{"line":11,"column":30}},"10":{"start":{"line":12,"column":4},"end":{"line":12,"column":38}},"11":{"start":{"line":13,"column":4},"end":{"line":13,"column":52}},"12":{"start":{"line":16,"column":2},"end":{"line":18,"column":5}},"13":{"start":{"line":17,"column":4},"end":{"line":17,"column":32}},"14":{"start":{"line":20,"column":2},"end":{"line":31,"column":5}},"15":{"start":{"line":21,"column":4},"end":{"line":21,"column":27}},"16":{"start":{"line":22,"column":4},"end":{"line":22,"column":37}},"17":{"start":{"line":23,"column":4},"end":{"line":23,"column":53}},"18":{"start":{"line":24,"column":4},"end":{"line":29,"column":7}},"19":{"start":{"line":30,"column":4},"end":{"line":30,"column":47}},"20":{"start":{"line":33,"column":2},"end":{"line":57,"column":5}},"21":{"start":{"line":34,"column":4},"end":{"line":47,"column":6}},"22":{"start":{"line":48,"column":4},"end":{"line":48,"column":53}},"23":{"start":{"line":49,"column":4},"end":{"line":49,"column":37}},"24":{"start":{"line":50,"column":4},"end":{"line":50,"column":39}},"25":{"start":{"line":51,"column":4},"end":{"line":51,"column":47}},"26":{"start":{"line":52,"column":4},"end":{"line":55,"column":6}},"27":{"start":{"line":56,"column":4},"end":{"line":56,"column":43}}},"branchMap":{}}}